<?xml version="1.0" encoding="UTF-8"?>
<testsuite xmlns:xsi="http://www.w3.org/2001/XMLSchema-instance" xsi:noNamespaceSchemaLocation="https://maven.apache.org/surefire/maven-surefire-plugin/xsd/surefire-test-report.xsd" name="TestSuite" time="9.483" tests="8" errors="0" skipped="5" failures="1">
  <properties>
[...]
</properties>
  <testcase name="tc01_login" classname="sbi.testcases.tc01_logintest" time="2.311"/>
  <testcase name="tc02_enrollmenttab" classname="sbi.testcases.tc01_logintest" time="1.365"/>
  <testcase name="tc03_searchagent" classname="sbi.testcases.tc01_logintest" time="0.018">
    <failure message="org/apache/commons/lang3/RandomStringUtils" type="java.lang.NoClassDefFoundError">java.lang.NoClassDefFoundError: org/apache/commons/lang3/RandomStringUtils
	at sbi.testcases.tc01_logintest.tc03_searchagent(tc01_logintest.java:51)
Caused by: java.lang.ClassNotFoundException: org.apache.commons.lang3.RandomStringUtils
	at sbi.testcases.tc01_logintest.tc03_searchagent(tc01_logintest.java:51)
</failure>
  </testcase>
  <testcase name="tc04_createagentoptions" classname="sbi.testcases.tc01_logintest" time="0">
    <skipped message="Method tc01_logintest.tc04_createagentoptions()[pri:0, instance:sbi.testcases.tc01_logintest@6ebc05a6] depends on not successfully finished methods"/>
  </testcase>
  <testcase name="tc05_createagent" classname="sbi.testcases.tc01_logintest" time="0">
    <skipped message="Method tc01_logintest.tc05_createagent()[pri:0, instance:sbi.testcases.tc01_logintest@6ebc05a6] depends on not successfully finished methods"/>
  </testcase>
  <testcase name="tc06_savebasicdetails" classname="sbi.testcases.tc01_logintest" time="0">
    <skipped message="Method tc01_logintest.tc06_savebasicdetails()[pri:0, instance:sbi.testcases.tc01_logintest@6ebc05a6] depends on not successfully finished methods"/>
  </testcase>
  <testcase name="tc07_personalinformation" classname="sbi.testcases.tc01_logintest" time="0">
    <skipped message="Method tc01_logintest.tc07_personalinformation()[pri:0, instance:sbi.testcases.tc01_logintest@6ebc05a6] depends on not successfully finished methods"/>
  </testcase>
  <testcase name="tc08_savepersonalinformation" classname="sbi.testcases.tc01_logintest" time="0">
    <skipped message="Method tc01_logintest.tc08_savepersonalinformation()[pri:0, instance:sbi.testcases.tc01_logintest@6ebc05a6] depends on not successfully finished methods"/>
  </testcase>
</testsuite>