<?xml version="1.0" encoding="UTF-8"?>
<!-- Generated by org.testng.reporters.JUnitXMLReporter -->
<testsuite hostname="Vaisagan-PC" ignored="0" name="sbi-general" tests="8" failures="0" timestamp="2020-09-14T11:36:19 IST" time="44.531" errors="0">
  <testcase name="tc01_login" time="2.222" classname="sbi.testcases.tc01_logintest"/>
  <testcase name="tc02_enrollmenttab" time="1.355" classname="sbi.testcases.tc01_logintest"/>
  <testcase name="tc03_searchagent" time="5.996" classname="sbi.testcases.tc01_logintest"/>
  <testcase name="tc04_createagentoptions" time="3.391" classname="sbi.testcases.tc01_logintest"/>
  <testcase name="tc05_createagent" time="6.394" classname="sbi.testcases.tc01_logintest"/>
  <testcase name="tc06_savebasicdetails" time="3.725" classname="sbi.testcases.tc01_logintest"/>
  <testcase name="tc07_personalinformation" time="2.001" classname="sbi.testcases.tc01_logintest"/>
  <testcase name="tc08_savepersonalinformation" time="9.482" classname="sbi.testcases.tc01_logintest"/>
</testsuite> <!-- sbi-general -->
