<?xml version="1.0" encoding="UTF-8"?>
<!-- Generated by org.testng.reporters.JUnitXMLReporter -->
<testsuite hostname="Vaisagan-PC" ignored="0" name="sbi-general" tests="8" failures="1" timestamp="2020-09-14T15:04:55 IST" time="7.809" errors="0">
  <testcase name="tc01_login" time="2.291" classname="sbi.testcases.tc01_logintest"/>
  <testcase name="tc02_enrollmenttab" time="1.361" classname="sbi.testcases.tc01_logintest"/>
  <testcase name="tc03_searchagent" time="0.003" classname="sbi.testcases.tc01_logintest">
    <failure type="java.lang.NoClassDefFoundError" message="org/apache/commons/lang3/RandomStringUtils">
      <![CDATA[java.lang.NoClassDefFoundError: org/apache/commons/lang3/RandomStringUtils
at sbi.testcases.basetestcase.randomnumeric(basetestcase.java:76)
at sbi.testcases.tc01_logintest.tc03_searchagent(tc01_logintest.java:51)
at java.util.ArrayList.forEach(ArrayList.java:1249)
Caused by: java.lang.ClassNotFoundException: org.apache.commons.lang3.RandomStringUtils
at java.net.URLClassLoader.findClass(URLClassLoader.java:381)
at java.lang.ClassLoader.loadClass(ClassLoader.java:424)
at sun.misc.Launcher$AppClassLoader.loadClass(Launcher.java:331)
at java.lang.ClassLoader.loadClass(ClassLoader.java:357)
... 34 more
... Removed 31 stack frames]]>
    </failure>
  </testcase> <!-- tc03_searchagent -->
  <testcase name="tc04_createagentoptions" time="0.0" classname="sbi.testcases.tc01_logintest">
    <skipped/>
  </testcase> <!-- tc04_createagentoptions -->
  <testcase name="tc05_createagent" time="0.0" classname="sbi.testcases.tc01_logintest">
    <skipped/>
  </testcase> <!-- tc05_createagent -->
  <testcase name="tc06_savebasicdetails" time="0.0" classname="sbi.testcases.tc01_logintest">
    <skipped/>
  </testcase> <!-- tc06_savebasicdetails -->
  <testcase name="tc07_personalinformation" time="0.0" classname="sbi.testcases.tc01_logintest">
    <skipped/>
  </testcase> <!-- tc07_personalinformation -->
  <testcase name="tc08_savepersonalinformation" time="0.0" classname="sbi.testcases.tc01_logintest">
    <skipped/>
  </testcase> <!-- tc08_savepersonalinformation -->
</testsuite> <!-- sbi-general -->
